TN:test
SF:/home/hollbrok/Документы/Prog/System-Programming/4 sem/Binary tree/tests/test.c
FN:15,main
FNDA:1,main
FN:49,testAdd
FNDA:1,testAdd
FN:72,printElem
FNDA:480,printElem
FN:79,testForeach
FNDA:1,testForeach
FN:104,testRemoveElem_and_Show
FNDA:1,testRemoveElem_and_Show
FN:255,testSearch
FNDA:1,testSearch
FN:284,testConstrDeconstr
FNDA:1,testConstrDeconstr
FNF:7
FNH:7
DA:15,1
DA:17,1
DA:19,1
DA:21,1
DA:24,1
DA:26,1
BRDA:26,0,0,1
BRDA:26,0,1,0
DA:27,1
DA:29,1
DA:31,1
DA:33,1
DA:35,1
DA:37,1
DA:39,1
DA:40,1
DA:46,1
DA:49,1
DA:51,1
DA:52,1
DA:53,1
DA:54,1
DA:55,1
DA:56,1
DA:57,1
DA:58,1
DA:59,1
DA:60,1
DA:61,1
DA:62,1
DA:63,1
DA:65,1
DA:67,1
DA:69,1
DA:70,1
DA:72,480
DA:74,480
BRDA:74,0,0,440
BRDA:74,0,1,40
DA:75,440
DA:76,480
DA:79,1
DA:81,11
BRDA:81,0,0,10
BRDA:81,0,1,1
DA:83,10
DA:84,10
DA:85,10
DA:86,10
DA:89,1
DA:91,1
DA:92,1
DA:93,1
DA:95,1
DA:97,1
DA:99,1
DA:101,1
DA:104,1
DA:106,1
DA:108,1
DA:109,1
DA:110,1
DA:112,1
DA:114,1
DA:115,1
DA:116,1
DA:117,1
DA:119,1
DA:121,1
DA:125,1
DA:126,1
DA:128,1
DA:129,1
DA:132,1
DA:133,1
DA:135,1
DA:137,1
DA:138,1
DA:140,1
DA:142,1
DA:143,1
DA:144,1
DA:146,1
DA:148,1
DA:149,1
DA:150,1
DA:152,1
DA:153,1
DA:155,1
DA:159,1
DA:160,1
DA:163,1
DA:164,1
DA:166,1
DA:167,1
DA:169,1
DA:170,1
DA:171,1
DA:173,1
DA:176,1
DA:177,1
DA:178,1
DA:180,1
DA:181,1
DA:183,1
DA:185,1
DA:187,1
DA:191,1
DA:192,1
DA:193,1
DA:194,1
DA:195,1
DA:196,1
DA:197,1
DA:198,1
DA:199,1
DA:200,1
DA:201,1
DA:202,1
DA:203,1
DA:204,1
DA:205,1
DA:206,1
DA:209,1
DA:210,1
DA:211,1
DA:212,1
DA:213,1
DA:214,1
DA:215,1
DA:216,1
DA:217,1
DA:218,1
DA:221,1
DA:222,1
DA:223,1
DA:224,1
DA:226,1
DA:227,1
DA:230,1
DA:231,1
DA:233,1
DA:234,1
DA:236,1
DA:240,1
DA:243,1
DA:244,1
DA:245,1
DA:247,1
DA:249,1
DA:252,1
DA:255,1
DA:257,1
DA:258,1
DA:260,1
DA:261,1
DA:263,1
DA:264,1
DA:265,1
DA:266,1
DA:267,1
DA:268,1
DA:269,1
DA:270,1
DA:271,1
DA:272,1
DA:273,1
DA:274,1
DA:276,1
DA:278,1
DA:280,1
DA:282,1
DA:284,1
DA:286,1
DA:289,1
DA:291,1
DA:292,1
DA:294,1
DA:295,1
BRF:6
BRH:5
LF:173
LH:173
end_of_record
TN:test
SF:/home/hollbrok/Документы/Prog/System-Programming/4 sem/Binary tree/src/bintree_func.c
FN:3,TEST_calloc
FNDA:73,TEST_calloc
FN:17,initTree
FNDA:2,initTree
FN:31,createTree
FNDA:2,createTree
FN:46,add
FNDA:72,add
FN:81,addTo
FNDA:297,addTo
FN:107,removeElem
FNDA:30,removeElem
FN:162,removeElemFrom
FNDA:94,removeElemFrom
FN:229,clear
FNDA:10,clear
FN:252,clearFrom
FNDA:40,clearFrom
FN:270,search
FNDA:3,search
FN:284,searchFrom
FNDA:24,searchFrom
FN:310,foreach
FNDA:43,foreach
FN:333,foreachFrom
FNDA:491,foreachFrom
FN:380,show_tree
FNDA:4,show_tree
FN:401,graphviz_beauty_dump
FNDA:3,graphviz_beauty_dump
FN:431,print_all_elements_beauty
FNDA:12,print_all_elements_beauty
FNF:16
FNH:16
DA:3,73
DA:7,73
BRDA:7,0,0,72
BRDA:7,0,1,1
BRDA:7,0,2,1
BRDA:7,0,3,71
DA:9,2
DA:13,71
DA:17,2
DA:19,2
BRDA:19,0,0,1
BRDA:19,0,1,1
DA:21,1
DA:22,1
DA:25,1
DA:26,1
DA:28,1
DA:31,2
DA:33,2
DA:34,2
BRDA:34,0,0,1
BRDA:34,0,1,1
DA:36,1
DA:37,1
DA:40,1
DA:41,1
DA:43,1
DA:46,72
DA:48,72
BRDA:48,0,0,1
BRDA:48,0,1,71
DA:50,1
DA:51,1
DA:54,71
DA:55,71
BRDA:55,0,0,1
BRDA:55,0,1,70
DA:56,1
DA:58,70
DA:60,70
BRDA:60,0,0,6
BRDA:60,0,1,64
DA:62,6
DA:63,6
DA:67,64
DA:69,64
BRDA:69,0,0,59
BRDA:69,0,1,5
DA:70,59
DA:73,5
DA:74,5
DA:78,65
DA:81,297
DA:83,297
BRDA:83,0,0,296
BRDA:83,0,1,1
BRDA:83,0,2,0
BRDA:83,0,3,296
DA:84,1
DA:86,296
BRDA:86,0,0,138
BRDA:86,0,1,158
DA:88,138
BRDA:88,0,0,31
BRDA:88,0,1,107
DA:89,31
DA:91,107
DA:93,158
BRDA:93,0,0,153
BRDA:93,0,1,5
DA:95,153
BRDA:95,0,0,28
BRDA:95,0,1,125
DA:96,28
DA:98,125
DA:101,5
DA:104,59
DA:107,30
DA:109,30
BRDA:109,0,0,1
BRDA:109,0,1,29
DA:111,1
DA:112,1
DA:115,29
BRDA:115,0,0,1
BRDA:115,0,1,28
DA:117,1
DA:121,28
DA:123,28
BRDA:123,0,0,5
BRDA:123,0,1,23
DA:125,5
DA:127,5
BRDA:127,0,0,1
BRDA:127,0,1,4
BRDA:127,0,2,1
BRDA:127,0,3,0
DA:128,1
DA:129,1
DA:131,3
BRDA:131,0,0,2
BRDA:131,0,1,1
DA:132,2
DA:134,1
DA:136,1
DA:138,4
BRDA:138,0,0,1
BRDA:138,0,1,3
DA:139,1
DA:141,5
DA:142,5
DA:144,5
BRDA:144,0,0,3
BRDA:144,0,1,2
DA:145,3
DA:150,23
DA:151,23
BRDA:151,0,0,21
BRDA:151,0,1,2
DA:152,21
DA:154,2
DA:158,26
DA:162,94
DA:164,94
BRDA:164,0,0,1
BRDA:164,0,1,93
DA:166,1
DA:167,1
DA:171,93
BRDA:171,0,0,52
BRDA:171,0,1,41
DA:173,52
BRDA:173,0,0,52
BRDA:173,0,1,0
BRDA:173,0,2,40
BRDA:173,0,3,12
DA:174,40
DA:175,12
BRDA:175,0,0,12
BRDA:175,0,1,0
DA:177,12
DA:178,12
BRDA:178,0,0,3
BRDA:178,0,1,9
DA:180,3
DA:181,8
BRDA:181,0,0,5
BRDA:181,0,1,3
DA:182,5
DA:184,3
DA:185,3
DA:187,9
BRDA:187,0,0,5
BRDA:187,0,1,4
DA:188,5
DA:191,4
DA:194,12
DA:199,41
BRDA:199,0,0,39
BRDA:199,0,1,2
BRDA:199,0,2,30
BRDA:199,0,3,9
DA:200,30
DA:201,11
BRDA:201,0,0,9
BRDA:201,0,1,2
DA:203,9
DA:204,9
BRDA:204,0,0,5
BRDA:204,0,1,4
DA:206,5
DA:207,8
BRDA:207,0,0,3
BRDA:207,0,1,5
DA:208,3
DA:210,5
DA:211,5
DA:213,4
BRDA:213,0,0,2
BRDA:213,0,1,2
DA:214,2
DA:217,2
DA:220,9
DA:223,2
DA:226,21
DA:229,10
DA:231,10
BRDA:231,0,0,1
BRDA:231,0,1,9
DA:233,1
DA:234,1
DA:237,9
BRDA:237,0,0,3
BRDA:237,0,1,6
BRDA:237,0,2,3
BRDA:237,0,3,0
DA:239,3
DA:241,3
DA:242,3
DA:243,3
DA:247,6
DA:248,6
DA:252,40
DA:254,40
BRDA:254,0,0,1
BRDA:254,0,1,39
DA:256,1
DA:257,1
DA:260,39
DA:262,39
BRDA:262,0,0,19
BRDA:262,0,1,20
DA:263,19
DA:264,39
BRDA:264,0,0,17
BRDA:264,0,1,22
DA:265,17
DA:267,39
DA:270,3
DA:272,3
BRDA:272,0,0,1
BRDA:272,0,1,2
DA:274,1
DA:275,1
DA:278,2
BRDA:278,0,0,1
BRDA:278,0,1,1
DA:279,1
DA:281,1
DA:284,24
DA:286,24
BRDA:286,0,0,1
BRDA:286,0,1,23
DA:288,1
DA:289,1
DA:292,23
BRDA:292,0,0,1
BRDA:292,0,1,22
DA:293,1
DA:296,22
DA:298,22
BRDA:298,0,0,14
BRDA:298,0,1,8
DA:299,14
BRDA:299,0,0,2
BRDA:299,0,1,12
DA:300,2
DA:301,20
BRDA:301,0,0,8
BRDA:301,0,1,12
DA:302,8
BRDA:302,0,0,3
BRDA:302,0,1,5
DA:303,3
DA:304,17
DA:310,43
DA:312,43
BRDA:312,0,0,1
BRDA:312,0,1,42
DA:314,1
DA:315,1
DA:318,42
BRDA:318,0,0,1
BRDA:318,0,1,41
DA:320,1
DA:321,1
DA:324,41
BRDA:324,0,0,1
BRDA:324,0,1,40
DA:326,1
DA:327,1
DA:330,40
DA:333,491
DA:335,491
BRDA:335,0,0,1
BRDA:335,0,1,490
DA:337,1
DA:338,1
DA:341,490
BRDA:341,0,0,120
BRDA:341,0,1,240
BRDA:341,0,2,120
BRDA:341,0,3,10
DA:343,120
DA:344,120
DA:346,120
BRDA:346,0,0,70
BRDA:346,0,1,50
DA:347,70
DA:348,120
BRDA:348,0,0,40
BRDA:348,0,1,80
DA:349,40
DA:350,120
DA:351,240
DA:352,240
BRDA:352,0,0,140
BRDA:352,0,1,100
DA:353,140
DA:354,240
BRDA:354,0,0,80
BRDA:354,0,1,160
DA:355,80
DA:357,240
DA:358,240
DA:359,120
DA:360,120
BRDA:360,0,0,70
BRDA:360,0,1,50
DA:361,70
DA:363,120
DA:365,120
BRDA:365,0,0,40
BRDA:365,0,1,80
DA:366,40
DA:367,120
DA:368,10
DA:369,10
DA:373,480
DA:380,4
DA:382,4
BRDA:382,0,0,1
BRDA:382,0,1,3
DA:384,1
DA:385,1
DA:388,3
DA:389,3
DA:390,3
DA:392,3
DA:393,3
DA:394,3
DA:395,3
DA:398,3
DA:401,3
DA:403,3
BRDA:403,0,0,0
BRDA:403,0,1,3
DA:405,3
DA:407,3
DA:408,3
BRDA:408,0,0,0
BRDA:408,0,1,3
BRDA:408,0,2,0
BRDA:408,0,3,0
DA:409,0
DA:411,3
DA:412,3
DA:413,3
DA:415,3
DA:417,3
BRDA:417,0,0,1
BRDA:417,0,1,2
DA:419,1
DA:420,1
DA:423,2
DA:425,3
DA:427,3
DA:428,3
DA:431,12
DA:433,12
BRDA:433,0,0,0
BRDA:433,0,1,12
DA:435,12
BRDA:435,0,0,7
BRDA:435,0,1,5
DA:437,7
DA:438,7
DA:440,12
BRDA:440,0,0,4
BRDA:440,0,1,8
DA:442,4
DA:443,4
DA:446,12
BRDA:446,0,0,8
BRDA:446,0,1,4
BRDA:446,0,2,5
BRDA:446,0,3,3
DA:447,5
DA:449,7
DA:450,12
BRF:146
BRH:136
LF:234
LH:233
end_of_record
TN:test
SF:/home/hollbrok/Документы/Prog/System-Programming/4 sem/Binary tree/src/bintree_elem_func.c
FN:3,initElem
FNDA:2,initElem
FN:18,createElem
FNDA:71,createElem
FN:34,deconstrElem
FNDA:66,deconstrElem
FNF:3
FNH:3
DA:3,2
DA:5,2
BRDA:5,0,0,1
BRDA:5,0,1,1
DA:7,1
DA:8,1
DA:11,1
DA:12,1
DA:13,1
DA:15,1
DA:18,71
DA:20,71
DA:21,71
BRDA:21,0,0,1
BRDA:21,0,1,70
DA:23,1
DA:24,1
DA:27,70
DA:28,70
DA:29,70
DA:31,70
DA:34,66
DA:36,66
BRDA:36,0,0,1
BRDA:36,0,1,65
DA:38,1
DA:39,1
DA:43,65
DA:44,65
DA:45,65
DA:47,65
DA:48,65
DA:50,65
BRF:6
BRH:6
LF:27
LH:27
end_of_record
